{
  "stats": {
    "suites": 1,
    "tests": 1,
    "passes": 1,
    "pending": 0,
    "failures": 0,
    "start": "2022-03-23T13:01:34.210Z",
    "end": "2022-03-23T13:01:35.020Z",
    "duration": 810,
    "testsRegistered": 1,
    "passPercent": 100,
    "pendingPercent": 0,
    "other": 0,
    "hasOther": false,
    "skipped": 0,
    "hasSkipped": false
  },
  "results": [
    {
      "uuid": "9d9e6861-2eae-4d7d-8b26-3fd0a07126f7",
      "title": "",
      "fullFile": "cypress/integration/ProxyApiSmokeTest/ProxyApiSmoke1.js",
      "file": "cypress/integration/ProxyApiSmokeTest/ProxyApiSmoke1.js",
      "beforeHooks": [],
      "afterHooks": [],
      "tests": [],
      "suites": [
        {
          "uuid": "505f9bab-3697-4f29-b863-6cc40862db1c",
          "title": "Proxy api test",
          "fullFile": "",
          "file": "",
          "beforeHooks": [],
          "afterHooks": [],
          "tests": [
            {
              "title": "Validating batch Inventory api",
              "fullTitle": "Proxy api test Validating batch Inventory api",
              "timedOut": null,
              "duration": 787,
              "state": "passed",
              "speed": "fast",
              "pass": true,
              "fail": false,
              "pending": false,
              "context": null,
              "code": "let res = await chai.request(`${testData.proxyURL}`).post('/inventory_batch').send([{\n  \"sku\": \"576690910193\",\n  \"qty\": `${qty}`,\n  \"store_number\": \"MBEC02\"\n}, {\n  \"sku\": \"576690910192\",\n  \"qty\": `${qty}`,\n  \"store_number\": \"MBEC02\"\n}, {\n  \"sku\": \"576690910191\",\n  \"qty\": `${qty}`,\n  \"store_number\": \"MBEC02\"\n}, {\n  \"sku\": \"576690910193\",\n  \"qty\": `${qty}`,\n  \"store_number\": \"MBEC01\"\n}, {\n  \"sku\": \"576690910192\",\n  \"qty\": `${qty}`,\n  \"store_number\": \"MBEC01\"\n}, {\n  \"sku\": \"576690910191\",\n  \"qty\": `${qty}`,\n  \"store_number\": \"MBEC01\"\n}]).set('Content-Type', 'application/json').set('x-api-key', 'GZfbkFLnil29isBFPfxTr3mLANMQy9Lx18ITiima'); //expect(res).to.have.status(200)\nconsole.log(res.body);\nvar jsonObject = res.body; //expect(jsonObject.message).to.contain('Inventory update initiated')\n//validating if the invetory synced to rubicon the data in Rubicon\nsetTimeout(async () => {\n  let getR3Inventory = await chai.request('https://in.data.aceturtle.in/staging/rubicon').get('/inventory?query={\"sku\":{\"$in\":[\"576690910193\",\"576690910191\",\"576690910192\"]},\"store_number\":{\"$in\":[\"MBEC01\",\"MBEC02\"]}}').set('x-api-key', 'GZfbkFLnil29isBFPfxTr3mLANMQy9Lx18ITiima'); // expect(getR3Inventory).to.have.status(200)\n  //console.log(getR3Inventory.body)\n  jsonObject = getR3Inventory.body;\n  jsonObject.forEach(element => {\n    console.log(element.inventory_details.properties.qty);\n    expect(element.inventory_details.properties.qty).to.eql(qty);\n  });\n}, 10000); // it('Create Ajio Shipment and validating the get Data',async ()=>{\n//         let res = await chai.request()\n// })",
              "err": {},
              "uuid": "4b6453d8-2e7b-4c42-a9e8-a7ed4cde446f",
              "parentUUID": "505f9bab-3697-4f29-b863-6cc40862db1c",
              "isHook": false,
              "skipped": false
            }
          ],
          "suites": [],
          "passes": [
            "4b6453d8-2e7b-4c42-a9e8-a7ed4cde446f"
          ],
          "failures": [],
          "pending": [],
          "skipped": [],
          "duration": 787,
          "root": false,
          "rootEmpty": false,
          "_timeout": 2000
        }
      ],
      "passes": [],
      "failures": [],
      "pending": [],
      "skipped": [],
      "duration": 0,
      "root": true,
      "rootEmpty": true,
      "_timeout": 2000
    }
  ],
  "meta": {
    "mocha": {
      "version": "7.0.1"
    },
    "mochawesome": {
      "options": {
        "quiet": false,
        "reportFilename": "mochawesome",
        "saveHtml": true,
        "saveJson": true,
        "consoleReporter": "spec",
        "useInlineDiffs": false,
        "code": true
      },
      "version": "7.0.1"
    },
    "marge": {
      "options": null,
      "version": "6.0.1"
    }
  }
}